<?xml version="1.0" encoding="UTF-8"?>
<!-- Generated by org.testng.reporters.JUnitReportReporter -->
<testsuite hostname="Arjen" failures="0" tests="2" name="Saucedemo.ExcelrAutomation_Project3.AddToCartScenario1" time="5.990" errors="0" timestamp="2023-10-04T10:42:26 IST" skipped="0">
  <testcase classname="Saucedemo.ExcelrAutomation_Project3.AddToCartScenario1" name="addTocart1" time="1.452"/>
  <testcase classname="Saucedemo.ExcelrAutomation_Project3.AddToCartScenario1" name="addTocart2" time="4.538"/>
</testsuite> <!-- Saucedemo.ExcelrAutomation_Project3.AddToCartScenario1 -->
