<?xml version="1.0" encoding="UTF-8"?>
<!-- Generated by org.testng.reporters.JUnitReportReporter -->
<testsuite hostname="Arjen" failures="0" tests="7" name="Saucedemo.ExcelrAutomation_Project3.loginScenario" time="15.203" errors="0" timestamp="2023-10-04T10:58:14 IST" skipped="0">
  <testcase classname="Saucedemo.ExcelrAutomation_Project3.loginScenario" name="correctLoginCredentials" time="2.262"/>
  <testcase classname="Saucedemo.ExcelrAutomation_Project3.loginScenario" name="correctLoginCredentials" time="1.397"/>
  <testcase classname="Saucedemo.ExcelrAutomation_Project3.loginScenario" name="incorrectLoginCredentials" time="1.302"/>
  <testcase classname="Saucedemo.ExcelrAutomation_Project3.loginScenario" name="incorrectLoginCredentials" time="1.292"/>
  <testcase classname="Saucedemo.ExcelrAutomation_Project3.loginScenario" name="incorrectLoginCredentials" time="1.339"/>
  <testcase classname="Saucedemo.ExcelrAutomation_Project3.loginScenario" name="correctLoginCredentials" time="1.294"/>
  <testcase classname="Saucedemo.ExcelrAutomation_Project3.loginScenario" name="correctLoginCredentials" time="6.317"/>
</testsuite> <!-- Saucedemo.ExcelrAutomation_Project3.loginScenario -->
