<?xml version="1.0" encoding="UTF-8"?>
<!-- Generated by org.testng.reporters.JUnitReportReporter -->
<testsuite hostname="Arjen" failures="0" tests="1" name="Saucedemo.ExcelrAutomation_Project3.MenuScenario" time="5.603" errors="0" timestamp="2023-10-04T10:59:23 IST" skipped="0">
  <testcase classname="Saucedemo.ExcelrAutomation_Project3.MenuScenario" name="menuOption" time="5.603"/>
</testsuite> <!-- Saucedemo.ExcelrAutomation_Project3.MenuScenario -->
