<?xml version="1.0" encoding="UTF-8"?>
<!-- Generated by org.testng.reporters.JUnitReportReporter -->
<testsuite hostname="Arjen" failures="0" tests="1" name="Saucedemo.ExcelrAutomation_Project3.AddToCartScenario2" time="12.488" errors="0" timestamp="2023-10-04T10:51:58 IST" skipped="0">
  <testcase classname="Saucedemo.ExcelrAutomation_Project3.AddToCartScenario2" name="addingTwoProducts" time="12.488"/>
</testsuite> <!-- Saucedemo.ExcelrAutomation_Project3.AddToCartScenario2 -->
