<?xml version="1.0" encoding="UTF-8"?>
<!-- Generated by org.testng.reporters.JUnitReportReporter -->
<testsuite hostname="Arjen" failures="0" tests="3" name="Saucedemo.ExcelrAutomation_Project3.CheckoutScenario2" time="0.445" errors="0" timestamp="2023-10-04T09:59:09 IST" skipped="0">
  <testcase classname="Saucedemo.ExcelrAutomation_Project3.CheckoutScenario2" name="yourInfoPage" time="0.208"/>
  <testcase classname="Saucedemo.ExcelrAutomation_Project3.CheckoutScenario2" name="yourInfoDetails" time="0.182"/>
  <testcase classname="Saucedemo.ExcelrAutomation_Project3.CheckoutScenario2" name="overview" time="0.055"/>
</testsuite> <!-- Saucedemo.ExcelrAutomation_Project3.CheckoutScenario2 -->
