<?xml version="1.0" encoding="UTF-8"?>
<!-- Generated by org.testng.reporters.JUnitReportReporter -->
<testsuite hostname="Arjen" failures="0" tests="1" name="Saucedemo.ExcelrAutomation_Project3.HomePage" time="0.015" errors="0" timestamp="2023-10-02T12:37:02 IST" skipped="0">
  <testcase classname="Saucedemo.ExcelrAutomation_Project3.HomePage" name="homepage" time="0.015"/>
</testsuite> <!-- Saucedemo.ExcelrAutomation_Project3.HomePage -->
