<?xml version="1.0" encoding="UTF-8"?>
<!-- Generated by org.testng.reporters.JUnitReportReporter -->
<testsuite hostname="Arjen" failures="0" tests="1" name="Saucedemo.ExcelrAutomation_Project3.checkoutScenario" time="2.572" errors="0" timestamp="2023-10-04T07:19:20 IST" skipped="0">
  <testcase classname="Saucedemo.ExcelrAutomation_Project3.checkoutScenario" name="checkoutButton" time="2.572"/>
</testsuite> <!-- Saucedemo.ExcelrAutomation_Project3.checkoutScenario -->
