<?xml version="1.0" encoding="UTF-8"?>
<!-- Generated by org.testng.reporters.JUnitReportReporter -->
<testsuite hostname="Arjen" failures="0" tests="1" name="Saucedemo.ExcelrAutomation_Project3.CartScenario" time="0.150" errors="0" timestamp="2023-10-02T22:38:45 IST" skipped="0">
  <testcase classname="Saucedemo.ExcelrAutomation_Project3.CartScenario" name="cartOption" time="0.150"/>
</testsuite> <!-- Saucedemo.ExcelrAutomation_Project3.CartScenario -->
