<?xml version="1.0" encoding="UTF-8"?>
<!-- Generated by org.testng.reporters.JUnitReportReporter -->
<testsuite hostname="Arjen" failures="0" tests="1" name="Saucedemo.ExcelrAutomation_Project3.BackToHomePageScenario" time="0.391" errors="0" timestamp="2023-10-04T10:16:24 IST" skipped="0">
  <testcase classname="Saucedemo.ExcelrAutomation_Project3.BackToHomePageScenario" name="backToHome" time="0.391"/>
</testsuite> <!-- Saucedemo.ExcelrAutomation_Project3.BackToHomePageScenario -->
